{
  "stats": {
    "suites": 1,
    "tests": 1,
    "passes": 1,
    "pending": 0,
    "failures": 0,
    "testsRegistered": 1,
    "passPercent": 100,
    "pendingPercent": 0,
    "other": 0,
    "hasOther": false,
    "skipped": 0,
    "hasSkipped": false,
    "start": "2025-04-13T17:16:40.292Z",
    "end": "2025-04-13T17:16:50.472Z",
    "duration": 10180
  },
  "results": [
    {
      "uuid": "eff1ee2f-22d9-4d2c-b2cf-108133d0a7e9",
      "title": "",
      "fullFile": "cypress\\e2e\\1-getting-started\\Test.cy.js",
      "file": "cypress\\e2e\\1-getting-started\\Test.cy.js",
      "beforeHooks": [],
      "afterHooks": [],
      "tests": [],
      "suites": [
        {
          "uuid": "b57b7b4a-b9c0-4233-885c-ee20e1d00754",
          "title": "Launch the talent",
          "fullFile": "cypress\\e2e\\1-getting-started\\Test.cy.js",
          "file": "cypress\\e2e\\1-getting-started\\Test.cy.js",
          "beforeHooks": [],
          "afterHooks": [],
          "tests": [
            {
              "title": "Test the entire talent",
              "fullTitle": "Launch the talent Test the entire talent",
              "timedOut": null,
              "duration": 3131,
              "state": "passed",
              "speed": "fast",
              "pass": true,
              "fail": false,
              "pending": false,
              "context": null,
              "code": "Cypress.on('uncaught:exception', (err, runnable) => {\n  return false; // Ignore React error 418\n});\ncy.visit(\"https://talent.woyage.ai/\", {\n  timeout: 120000\n});",
              "err": {},
              "uuid": "0a2b468d-f46d-40fd-ae37-2c7520ee6eb7",
              "parentUUID": "b57b7b4a-b9c0-4233-885c-ee20e1d00754",
              "isHook": false,
              "skipped": false
            }
          ],
          "suites": [],
          "passes": [
            "0a2b468d-f46d-40fd-ae37-2c7520ee6eb7"
          ],
          "failures": [],
          "pending": [],
          "skipped": [],
          "duration": 3131,
          "root": false,
          "rootEmpty": false,
          "_timeout": 2000
        }
      ],
      "passes": [],
      "failures": [],
      "pending": [],
      "skipped": [],
      "duration": 0,
      "root": true,
      "rootEmpty": true,
      "_timeout": 2000
    }
  ],
  "meta": {
    "mocha": {
      "version": "7.0.1"
    },
    "mochawesome": {
      "options": {
        "quiet": false,
        "reportFilename": "mochawesome",
        "saveHtml": false,
        "saveJson": true,
        "consoleReporter": "spec",
        "useInlineDiffs": false,
        "code": true
      },
      "version": "7.1.3"
    },
    "marge": {
      "options": {
        "reportDir": "cypress\\reports\\.jsons",
        "reportFilename": "mochawesome",
        "overwrite": false,
        "html": false,
        "json": true,
        "saveJson": true
      },
      "version": "6.2.0"
    }
  }
}