{
  "stats": {
    "suites": 1,
    "tests": 1,
    "passes": 0,
    "pending": 0,
    "failures": 1,
    "testsRegistered": 1,
    "passPercent": 0,
    "pendingPercent": 0,
    "other": 0,
    "hasOther": false,
    "skipped": 0,
    "hasSkipped": false,
    "start": "2025-05-13T17:29:18.403Z",
    "end": "2025-05-13T17:30:17.527Z",
    "duration": 59124
  },
  "results": [
    {
      "uuid": "79366719-49cd-4673-85f2-4c222cfd7b9c",
      "title": "",
      "fullFile": "cypress\\e2e\\1-getting-started\\login_with_google.cy.js",
      "file": "cypress\\e2e\\1-getting-started\\login_with_google.cy.js",
      "beforeHooks": [],
      "afterHooks": [],
      "tests": [],
      "suites": [
        {
          "uuid": "c8a8f1d4-859f-4246-900d-903e8370efd5",
          "title": "Login with Google and store session cookie",
          "fullFile": "cypress\\e2e\\1-getting-started\\login_with_google.cy.js",
          "file": "cypress\\e2e\\1-getting-started\\login_with_google.cy.js",
          "beforeHooks": [],
          "afterHooks": [],
          "tests": [
            {
              "title": "Logs in via Google and stores session cookie",
              "fullTitle": "Login with Google and store session cookie Logs in via Google and stores session cookie",
              "timedOut": null,
              "duration": 54790,
              "state": "failed",
              "speed": null,
              "pass": false,
              "fail": true,
              "pending": false,
              "context": "[\n    {\n        \"title\": \"Failed screenshot\",\n        \"value\": \"screenshots\\\\login_with_google.cy.js/Login%20with%20Google%20and%20store%20session%20cookie%20--%20Logs%20in%20via%20Google%20and%20stores%20session%20cookie%20(failed).png\"\n    }\n]",
              "code": "cy.visit('https://talent.woyage.ai/');\n// Click the 'Sign in with Google' button (adjust selector if needed)\ncy.get('span.tw-mx-2').click();\n// Wait for redirection to complete\ncy.url().should('include', 'app#resume');\n// Store session cookie\ncy.getCookie('woyage_user_session').then(cookie => {\n  if (cookie && cookie.value) {\n    cy.writeFile('cypress/fixtures/session.json', {\n      sessionCookie: cookie.value\n    });\n  } else {\n    throw new Error('Session cookie not found');\n  }\n});",
              "err": {
                "message": "CypressError: The command was expected to run against origin `https://talent.woyage.ai` but the application is at origin `https://accounts.google.com`.\n\nThis commonly happens when you have either not navigated to the expected origin or have navigated away unexpectedly.\n\nUsing `cy.origin()` to wrap the commands run on `https://accounts.google.com` will likely fix this issue.\n\n`cy.origin('https://accounts.google.com', () => {`\n`  <commands targeting https://accounts.google.com go here>`\n`})`\n\nhttps://on.cypress.io/cy-visit-succeeded-but-commands-fail",
                "estack": "CypressError: The command was expected to run against origin `https://talent.woyage.ai` but the application is at origin `https://accounts.google.com`.\n\nThis commonly happens when you have either not navigated to the expected origin or have navigated away unexpectedly.\n\nUsing `cy.origin()` to wrap the commands run on `https://accounts.google.com` will likely fix this issue.\n\n`cy.origin('https://accounts.google.com', () => {`\n`  <commands targeting https://accounts.google.com go here>`\n`})`\n\nhttps://on.cypress.io/cy-visit-succeeded-but-commands-fail\n    at cypressErr (https://talent.woyage.ai/__cypress/runner/cypress_runner.js:76205:18)\n    at Object.errByPath (https://talent.woyage.ai/__cypress/runner/cypress_runner.js:76259:10)\n    at Object.commandCanCommunicateWithAUT (https://talent.woyage.ai/__cypress/runner/cypress_runner.js:147126:90)\n    at $Command.url (https://talent.woyage.ai/__cypress/runner/cypress_runner.js:121640:20)\n    at cyFn (https://talent.woyage.ai/__cypress/runner/cypress_runner.js:140282:19)\nFrom Your Spec Code:\n    at Context.eval (webpack://cypressautomation/./cypress/e2e/1-getting-started/login_with_google.cy.js:11:9)",
                "diff": null
              },
              "uuid": "8ed88f4b-f527-4a20-9b40-18841ed65032",
              "parentUUID": "c8a8f1d4-859f-4246-900d-903e8370efd5",
              "isHook": false,
              "skipped": false
            }
          ],
          "suites": [],
          "passes": [],
          "failures": [
            "8ed88f4b-f527-4a20-9b40-18841ed65032"
          ],
          "pending": [],
          "skipped": [],
          "duration": 54790,
          "root": false,
          "rootEmpty": false,
          "_timeout": 2000
        }
      ],
      "passes": [],
      "failures": [],
      "pending": [],
      "skipped": [],
      "duration": 0,
      "root": true,
      "rootEmpty": true,
      "_timeout": 2000
    }
  ],
  "meta": {
    "mocha": {
      "version": "7.2.0"
    },
    "mochawesome": {
      "options": {
        "quiet": false,
        "reportFilename": "mochawesome",
        "saveHtml": false,
        "saveJson": true,
        "consoleReporter": "spec",
        "useInlineDiffs": false,
        "code": true
      },
      "version": "7.1.3"
    },
    "marge": {
      "options": {
        "reportDir": "cypress\\reports\\.jsons",
        "reportFilename": "mochawesome",
        "overwrite": false,
        "html": false,
        "json": true,
        "saveJson": true
      },
      "version": "6.2.0"
    }
  }
}