{
  "stats": {
    "suites": 1,
    "tests": 1,
    "passes": 0,
    "pending": 0,
    "failures": 1,
    "testsRegistered": 1,
    "passPercent": 0,
    "pendingPercent": 0,
    "other": 0,
    "hasOther": false,
    "skipped": 0,
    "hasSkipped": false,
    "start": "2025-04-27T05:59:41.967Z",
    "end": "2025-04-27T06:01:45.940Z",
    "duration": 123973
  },
  "results": [
    {
      "uuid": "fe6a9e72-3d78-45c4-8db4-e621e9d77328",
      "title": "",
      "fullFile": "cypress\\e2e\\1-getting-started\\loginTest.cy.js",
      "file": "cypress\\e2e\\1-getting-started\\loginTest.cy.js",
      "beforeHooks": [],
      "afterHooks": [],
      "tests": [],
      "suites": [
        {
          "uuid": "117cffa3-aa4d-4194-840a-7d10679b2697",
          "title": "Manual Token Login",
          "fullFile": "cypress\\e2e\\1-getting-started\\loginTest.cy.js",
          "file": "cypress\\e2e\\1-getting-started\\loginTest.cy.js",
          "beforeHooks": [],
          "afterHooks": [],
          "tests": [
            {
              "title": "logs in by setting token manually",
              "fullTitle": "Manual Token Login logs in by setting token manually",
              "timedOut": null,
              "duration": 51688,
              "state": "failed",
              "speed": null,
              "pass": false,
              "fail": true,
              "pending": false,
              "context": null,
              "code": "const token = 'sozm9NndejKfSZkP4R2Ahr5bxt33D8jPUJ0QBrsrqxz9W2GyRRDlDrAVj3pEsJCjeT48VnpsBDjJIIjPaJU1tW/06hb45qpgU6kPmcFwS7IetCqGW0rNOVU+tPqYP178'; // You can keep it in a fixture also\ncy.visit(\"https://talent.woyage.ai/\", {\n  onBeforeLoad(win) {\n    win.localStorage.setItem('sozm9NndejKfSZkP4R2Ahr5bxt33D8jPUJ0QBrsrqxz9W2GyRRDlDrAVj3pEsJCjeT48VnpsBDjJIIjPaJU1tW/06hb45qpgU6kPmcFwS7IetCqGW0rNOVU+tPqYP178', token);\n  }\n});\ncy.visit('https://talent.woyage.ai/app#resume');",
              "err": {
                "message": "CypressError: `cy.screenshot()` timed out waiting `30000ms` to complete.",
                "estack": "CypressError: `cy.screenshot()` timed out waiting `30000ms` to complete.\n    at http://localhost:60562/__cypress/runner/cypress_runner.js:136032:73\n    at tryCatcher (http://localhost:60562/__cypress/runner/cypress_runner.js:1777:23)\n    at http://localhost:60562/__cypress/runner/cypress_runner.js:4156:41\n    at tryCatcher (http://localhost:60562/__cypress/runner/cypress_runner.js:1777:23)\n    at Promise._settlePromiseFromHandler (http://localhost:60562/__cypress/runner/cypress_runner.js:1489:31)\n    at Promise._settlePromise (http://localhost:60562/__cypress/runner/cypress_runner.js:1546:18)\n    at Promise._settlePromise0 (http://localhost:60562/__cypress/runner/cypress_runner.js:1591:10)\n    at Promise._settlePromises (http://localhost:60562/__cypress/runner/cypress_runner.js:1667:18)\n    at _drainQueueStep (http://localhost:60562/__cypress/runner/cypress_runner.js:2377:12)\n    at _drainQueue (http://localhost:60562/__cypress/runner/cypress_runner.js:2370:9)\n    at Async._drainQueues (http://localhost:60562/__cypress/runner/cypress_runner.js:2386:5)\n    at Async.drainQueues (http://localhost:60562/__cypress/runner/cypress_runner.js:2256:14)",
                "diff": null
              },
              "uuid": "ed916410-cf45-4886-a185-56fd40629893",
              "parentUUID": "117cffa3-aa4d-4194-840a-7d10679b2697",
              "isHook": false,
              "skipped": false
            }
          ],
          "suites": [],
          "passes": [],
          "failures": [
            "ed916410-cf45-4886-a185-56fd40629893"
          ],
          "pending": [],
          "skipped": [],
          "duration": 51688,
          "root": false,
          "rootEmpty": false,
          "_timeout": 2000
        }
      ],
      "passes": [],
      "failures": [],
      "pending": [],
      "skipped": [],
      "duration": 0,
      "root": true,
      "rootEmpty": true,
      "_timeout": 2000
    }
  ],
  "meta": {
    "mocha": {
      "version": "7.0.1"
    },
    "mochawesome": {
      "options": {
        "quiet": false,
        "reportFilename": "mochawesome",
        "saveHtml": false,
        "saveJson": true,
        "consoleReporter": "spec",
        "useInlineDiffs": false,
        "code": true
      },
      "version": "7.1.3"
    },
    "marge": {
      "options": {
        "reportDir": "cypress\\reports\\.jsons",
        "reportFilename": "mochawesome",
        "overwrite": false,
        "html": false,
        "json": true,
        "saveJson": true
      },
      "version": "6.2.0"
    }
  }
}