{
  "stats": {
    "suites": 1,
    "tests": 1,
    "passes": 0,
    "pending": 0,
    "failures": 1,
    "testsRegistered": 1,
    "passPercent": 0,
    "pendingPercent": 0,
    "other": 0,
    "hasOther": false,
    "skipped": 0,
    "hasSkipped": false,
    "start": "2025-04-27T12:34:26.895Z",
    "end": "2025-04-27T12:37:08.139Z",
    "duration": 161244
  },
  "results": [
    {
      "uuid": "f07068b7-81ac-4202-be4f-34a698a5b7e0",
      "title": "",
      "fullFile": "cypress\\e2e\\1-getting-started\\loginTest.cy.js",
      "file": "cypress\\e2e\\1-getting-started\\loginTest.cy.js",
      "beforeHooks": [],
      "afterHooks": [],
      "tests": [],
      "suites": [
        {
          "uuid": "ec1ff874-b06a-4da0-88cd-07a1e6381a74",
          "title": "Manual Token Login using Custom Command",
          "fullFile": "cypress\\e2e\\1-getting-started\\loginTest.cy.js",
          "file": "cypress\\e2e\\1-getting-started\\loginTest.cy.js",
          "beforeHooks": [],
          "afterHooks": [],
          "tests": [
            {
              "title": "logs in and stays on Resume page",
              "fullTitle": "Manual Token Login using Custom Command logs in and stays on Resume page",
              "timedOut": null,
              "duration": 90100,
              "state": "failed",
              "speed": null,
              "pass": false,
              "fail": true,
              "pending": false,
              "context": null,
              "code": "const token = 'q6QfYa0xupIBrwR2Tk9rvJSWCqs/49aBoSFUP5e8MXRjEJPX08ddhqWOcD/4pda6RwNiBcy3bFLFWY4RI8EkYXePoNvAp3pT0itz2e3to8tRXHd3ThXQHeTyDS3F2LC1';\ncy.visit('https://talent.woyage.ai/', {\n  failOnStatusCode: false\n});\ncy.window().then(win => {\n  cy.loginWithToken(token); // use your custom command\n});\ncy.reload();\ncy.visit('https://talent.woyage.ai/app#resume');\ncy.contains('AI Powered Resume Builder', {\n  timeout: 20000\n}).should('be.visible');",
              "err": {
                "message": "CypressError: `cy.screenshot()` timed out waiting `30000ms` to complete.",
                "estack": "CypressError: `cy.screenshot()` timed out waiting `30000ms` to complete.\n    at https://talent.woyage.ai/__cypress/runner/cypress_runner.js:136032:73\n    at tryCatcher (https://talent.woyage.ai/__cypress/runner/cypress_runner.js:1777:23)\n    at https://talent.woyage.ai/__cypress/runner/cypress_runner.js:4156:41\n    at tryCatcher (https://talent.woyage.ai/__cypress/runner/cypress_runner.js:1777:23)\n    at Promise._settlePromiseFromHandler (https://talent.woyage.ai/__cypress/runner/cypress_runner.js:1489:31)\n    at Promise._settlePromise (https://talent.woyage.ai/__cypress/runner/cypress_runner.js:1546:18)\n    at Promise._settlePromise0 (https://talent.woyage.ai/__cypress/runner/cypress_runner.js:1591:10)\n    at Promise._settlePromises (https://talent.woyage.ai/__cypress/runner/cypress_runner.js:1667:18)\n    at _drainQueueStep (https://talent.woyage.ai/__cypress/runner/cypress_runner.js:2377:12)\n    at _drainQueue (https://talent.woyage.ai/__cypress/runner/cypress_runner.js:2370:9)\n    at Async._drainQueues (https://talent.woyage.ai/__cypress/runner/cypress_runner.js:2386:5)\n    at Async.drainQueues (https://talent.woyage.ai/__cypress/runner/cypress_runner.js:2256:14)",
                "diff": null
              },
              "uuid": "543eaae6-a67c-4f3a-9977-1baec8fc3d36",
              "parentUUID": "ec1ff874-b06a-4da0-88cd-07a1e6381a74",
              "isHook": false,
              "skipped": false
            }
          ],
          "suites": [],
          "passes": [],
          "failures": [
            "543eaae6-a67c-4f3a-9977-1baec8fc3d36"
          ],
          "pending": [],
          "skipped": [],
          "duration": 90100,
          "root": false,
          "rootEmpty": false,
          "_timeout": 2000
        }
      ],
      "passes": [],
      "failures": [],
      "pending": [],
      "skipped": [],
      "duration": 0,
      "root": true,
      "rootEmpty": true,
      "_timeout": 2000
    }
  ],
  "meta": {
    "mocha": {
      "version": "7.0.1"
    },
    "mochawesome": {
      "options": {
        "quiet": false,
        "reportFilename": "mochawesome",
        "saveHtml": false,
        "saveJson": true,
        "consoleReporter": "spec",
        "useInlineDiffs": false,
        "code": true
      },
      "version": "7.1.3"
    },
    "marge": {
      "options": {
        "reportDir": "cypress\\reports\\.jsons",
        "reportFilename": "mochawesome",
        "overwrite": false,
        "html": false,
        "json": true,
        "saveJson": true
      },
      "version": "6.2.0"
    }
  }
}